<?xml version="1.0" encoding="UTF-8"?>
<!-- Generated by org.testng.reporters.JUnitXMLReporter -->
<testsuite hostname="DL-1XDPQP1" ignored="0" name="Test" tests="6" failures="0" timestamp="2020-12-06T01:28:54 PST" time="0.095" errors="0">
  <testcase name="IOSApps" time="0.014" classname="qaclickacademy.appiumTest"/>
  <testcase name="NativeAppAndroid" time="0.003" classname="qaclickacademy.appiumTest"/>
  <testcase name="BrowserAutomation" time="0.001" classname="qaclickacademy.seleniumTest"/>
  <testcase name="elements" time="0.001" classname="qaclickacademy.seleniumTest"/>
  <testcase name="deleteTwitter" time="0.002" classname="qaclickacademy.restAPITest"/>
  <testcase name="posJira" time="0.001" classname="qaclickacademy.restAPITest"/>
</testsuite> <!-- Test -->
