<?xml version="1.0" encoding="UTF-8"?>
<!-- Generated by org.testng.reporters.JUnitXMLReporter -->
<testsuite hostname="DL-1XDPQP1" ignored="0" name="Command line test" tests="6" failures="0" timestamp="07 Dec 2020 16:32:00 GMT" time="0.052" errors="0">
  <testcase name="deleteTwitter" time="0.01" classname="qaclickacademy.restAPITest"/>
  <testcase name="posJira" time="0.001" classname="qaclickacademy.restAPITest"/>
  <testcase name="IOSApps" time="0.001" classname="qaclickacademy.appiumTest"/>
  <testcase name="NativeAppAndroid" time="0.001" classname="qaclickacademy.appiumTest"/>
  <testcase name="BrowserAutomation" time="0.001" classname="qaclickacademy.seleniumTest"/>
  <testcase name="elements" time="0.0" classname="qaclickacademy.seleniumTest"/>
</testsuite> <!-- Command line test -->
