<?xml version="1.0" encoding="UTF-8"?>
<!-- Generated by org.testng.reporters.JUnitXMLReporter -->
<testsuite hostname="DL-1XDPQP1" ignored="0" name="Test" tests="4" failures="0" timestamp="06 Dec 2020 15:25:56 GMT" time="0.045" errors="0">
  <testcase name="BrowserAutomation" time="0.01" classname="qaclickacademy.seleniumTest"/>
  <testcase name="elements" time="0.001" classname="qaclickacademy.seleniumTest"/>
  <testcase name="deleteTwitter" time="0.0" classname="qaclickacademy.restAPITest"/>
  <testcase name="posJira" time="0.0" classname="qaclickacademy.restAPITest"/>
</testsuite> <!-- Test -->
