<?xml version="1.0" encoding="UTF-8"?>
<testng-results skipped="0" failed="0" ignored="0" total="6" passed="6">
  <reporter-output>
  </reporter-output>
  <suite name="Command line suite" duration-ms="52" started-at="2020-12-07T16:31:59Z" finished-at="2020-12-07T16:31:59Z">
    <groups>
    </groups>
    <test name="Command line test" duration-ms="52" started-at="2020-12-07T16:31:59Z" finished-at="2020-12-07T16:31:59Z">
      <class name="qaclickacademy.restAPITest">
        <test-method status="PASS" signature="deleteTwitter()[pri:0, instance:qaclickacademy.restAPITest@4cc0edeb]" name="deleteTwitter" duration-ms="10" started-at="2020-12-07T16:31:59Z" finished-at="2020-12-07T16:31:59Z">
          <reporter-output>
          </reporter-output>
        </test-method> <!-- deleteTwitter -->
        <test-method status="PASS" signature="posJira()[pri:0, instance:qaclickacademy.restAPITest@4cc0edeb]" name="posJira" duration-ms="1" started-at="2020-12-07T16:31:59Z" finished-at="2020-12-07T16:31:59Z">
          <reporter-output>
          </reporter-output>
        </test-method> <!-- posJira -->
      </class> <!-- qaclickacademy.restAPITest -->
      <class name="qaclickacademy.appiumTest">
        <test-method status="PASS" signature="IOSApps()[pri:0, instance:qaclickacademy.appiumTest@457e2f02]" name="IOSApps" duration-ms="1" started-at="2020-12-07T16:31:59Z" finished-at="2020-12-07T16:31:59Z">
          <reporter-output>
          </reporter-output>
        </test-method> <!-- IOSApps -->
        <test-method status="PASS" signature="NativeAppAndroid()[pri:0, instance:qaclickacademy.appiumTest@457e2f02]" name="NativeAppAndroid" duration-ms="1" started-at="2020-12-07T16:31:59Z" finished-at="2020-12-07T16:31:59Z">
          <reporter-output>
          </reporter-output>
        </test-method> <!-- NativeAppAndroid -->
      </class> <!-- qaclickacademy.appiumTest -->
      <class name="qaclickacademy.seleniumTest">
        <test-method status="PASS" signature="BrowserAutomation()[pri:0, instance:qaclickacademy.seleniumTest@5c7fa833]" name="BrowserAutomation" duration-ms="1" started-at="2020-12-07T16:31:59Z" finished-at="2020-12-07T16:31:59Z">
          <reporter-output>
          </reporter-output>
        </test-method> <!-- BrowserAutomation -->
        <test-method status="PASS" signature="elements()[pri:0, instance:qaclickacademy.seleniumTest@5c7fa833]" name="elements" duration-ms="0" started-at="2020-12-07T16:31:59Z" finished-at="2020-12-07T16:31:59Z">
          <reporter-output>
          </reporter-output>
        </test-method> <!-- elements -->
      </class> <!-- qaclickacademy.seleniumTest -->
    </test> <!-- Command line test -->
  </suite> <!-- Command line suite -->
</testng-results>
